0 info it worked if it ends with ok
1 verbose cli [ 'node', '/usr/local/bin/npm', 'install' ]
2 info using npm@2.11.3
3 info using node@v0.12.7
4 verbose readDependencies loading dependencies from /Users/donteburney/gschool/project1_artcrew/package.json
5 warn package.json project1_artcrew@1.0.0 No repository field.
6 warn package.json project1_artcrew@1.0.0 No README data
7 warn package.json project1_artcrew@1.0.0 No license field.
8 verbose install where, deps [ '/Users/donteburney/gschool/project1_artcrew',
8 verbose install   [ 'gulp',
8 verbose install     'gulp-sass',
8 verbose install     'gulp-concat',
8 verbose install     'gulp-minify-css',
8 verbose install     'gulp-rename',
8 verbose install     'bower',
8 verbose install     'gulp-util',
8 verbose install     'shelljs' ] ]
9 verbose install where, peers [ '/Users/donteburney/gschool/project1_artcrew', [] ]
10 verbose installManyTop reading for lifecycle /Users/donteburney/gschool/project1_artcrew/package.json
11 info preinstall project1_artcrew@1.0.0
12 verbose readDependencies loading dependencies from /Users/donteburney/gschool/project1_artcrew/package.json
13 silly cache add args [ 'gulp-sass@^1.3.3', null ]
14 verbose cache add spec gulp-sass@^1.3.3
15 silly cache add parsed spec { raw: 'gulp-sass@^1.3.3',
15 silly cache add   scope: null,
15 silly cache add   name: 'gulp-sass',
15 silly cache add   rawSpec: '^1.3.3',
15 silly cache add   spec: '>=1.3.3 <2.0.0',
15 silly cache add   type: 'range' }
16 silly addNamed gulp-sass@>=1.3.3 <2.0.0
17 verbose addNamed ">=1.3.3 <2.0.0" is a valid semver range for gulp-sass
18 silly addNameRange { name: 'gulp-sass', range: '>=1.3.3 <2.0.0', hasData: false }
19 silly mapToRegistry name gulp-sass
20 silly mapToRegistry using default registry
21 silly mapToRegistry registry https://registry.npmjs.org/
22 silly mapToRegistry uri https://registry.npmjs.org/gulp-sass
23 verbose addNameRange registry:https://registry.npmjs.org/gulp-sass not in flight; fetching
24 silly cache add args [ 'gulp-concat@^2.2.0', null ]
25 verbose cache add spec gulp-concat@^2.2.0
26 silly cache add parsed spec { raw: 'gulp-concat@^2.2.0',
26 silly cache add   scope: null,
26 silly cache add   name: 'gulp-concat',
26 silly cache add   rawSpec: '^2.2.0',
26 silly cache add   spec: '>=2.2.0 <3.0.0',
26 silly cache add   type: 'range' }
27 silly addNamed gulp-concat@>=2.2.0 <3.0.0
28 verbose addNamed ">=2.2.0 <3.0.0" is a valid semver range for gulp-concat
29 silly addNameRange { name: 'gulp-concat', range: '>=2.2.0 <3.0.0', hasData: false }
30 silly mapToRegistry name gulp-concat
31 silly mapToRegistry using default registry
32 silly mapToRegistry registry https://registry.npmjs.org/
33 silly mapToRegistry uri https://registry.npmjs.org/gulp-concat
34 verbose addNameRange registry:https://registry.npmjs.org/gulp-concat not in flight; fetching
35 silly cache add args [ 'gulp-minify-css@^0.3.0', null ]
36 verbose cache add spec gulp-minify-css@^0.3.0
37 silly cache add parsed spec { raw: 'gulp-minify-css@^0.3.0',
37 silly cache add   scope: null,
37 silly cache add   name: 'gulp-minify-css',
37 silly cache add   rawSpec: '^0.3.0',
37 silly cache add   spec: '>=0.3.0 <0.4.0',
37 silly cache add   type: 'range' }
38 silly addNamed gulp-minify-css@>=0.3.0 <0.4.0
39 verbose addNamed ">=0.3.0 <0.4.0" is a valid semver range for gulp-minify-css
40 silly addNameRange { name: 'gulp-minify-css',
40 silly addNameRange   range: '>=0.3.0 <0.4.0',
40 silly addNameRange   hasData: false }
41 silly mapToRegistry name gulp-minify-css
42 silly mapToRegistry using default registry
43 silly mapToRegistry registry https://registry.npmjs.org/
44 silly mapToRegistry uri https://registry.npmjs.org/gulp-minify-css
45 verbose addNameRange registry:https://registry.npmjs.org/gulp-minify-css not in flight; fetching
46 silly cache add args [ 'gulp-rename@^1.2.0', null ]
47 verbose cache add spec gulp-rename@^1.2.0
48 silly cache add parsed spec { raw: 'gulp-rename@^1.2.0',
48 silly cache add   scope: null,
48 silly cache add   name: 'gulp-rename',
48 silly cache add   rawSpec: '^1.2.0',
48 silly cache add   spec: '>=1.2.0 <2.0.0',
48 silly cache add   type: 'range' }
49 silly addNamed gulp-rename@>=1.2.0 <2.0.0
50 verbose addNamed ">=1.2.0 <2.0.0" is a valid semver range for gulp-rename
51 silly addNameRange { name: 'gulp-rename', range: '>=1.2.0 <2.0.0', hasData: false }
52 silly mapToRegistry name gulp-rename
53 silly mapToRegistry using default registry
54 silly mapToRegistry registry https://registry.npmjs.org/
55 silly mapToRegistry uri https://registry.npmjs.org/gulp-rename
56 verbose addNameRange registry:https://registry.npmjs.org/gulp-rename not in flight; fetching
57 silly cache add args [ 'bower@^1.3.3', null ]
58 verbose cache add spec bower@^1.3.3
59 silly cache add parsed spec { raw: 'bower@^1.3.3',
59 silly cache add   scope: null,
59 silly cache add   name: 'bower',
59 silly cache add   rawSpec: '^1.3.3',
59 silly cache add   spec: '>=1.3.3 <2.0.0',
59 silly cache add   type: 'range' }
60 silly addNamed bower@>=1.3.3 <2.0.0
61 verbose addNamed ">=1.3.3 <2.0.0" is a valid semver range for bower
62 silly addNameRange { name: 'bower', range: '>=1.3.3 <2.0.0', hasData: false }
63 silly mapToRegistry name bower
64 silly mapToRegistry using default registry
65 silly mapToRegistry registry https://registry.npmjs.org/
66 silly mapToRegistry uri https://registry.npmjs.org/bower
67 verbose addNameRange registry:https://registry.npmjs.org/bower not in flight; fetching
68 silly cache add args [ 'gulp-util@^2.2.14', null ]
69 verbose cache add spec gulp-util@^2.2.14
70 silly cache add parsed spec { raw: 'gulp-util@^2.2.14',
70 silly cache add   scope: null,
70 silly cache add   name: 'gulp-util',
70 silly cache add   rawSpec: '^2.2.14',
70 silly cache add   spec: '>=2.2.14 <3.0.0',
70 silly cache add   type: 'range' }
71 silly addNamed gulp-util@>=2.2.14 <3.0.0
72 verbose addNamed ">=2.2.14 <3.0.0" is a valid semver range for gulp-util
73 silly addNameRange { name: 'gulp-util', range: '>=2.2.14 <3.0.0', hasData: false }
74 silly mapToRegistry name gulp-util
75 silly mapToRegistry using default registry
76 silly mapToRegistry registry https://registry.npmjs.org/
77 silly mapToRegistry uri https://registry.npmjs.org/gulp-util
78 verbose addNameRange registry:https://registry.npmjs.org/gulp-util not in flight; fetching
79 silly cache add args [ 'shelljs@^0.3.0', null ]
80 verbose cache add spec shelljs@^0.3.0
81 silly cache add parsed spec { raw: 'shelljs@^0.3.0',
81 silly cache add   scope: null,
81 silly cache add   name: 'shelljs',
81 silly cache add   rawSpec: '^0.3.0',
81 silly cache add   spec: '>=0.3.0 <0.4.0',
81 silly cache add   type: 'range' }
82 silly addNamed shelljs@>=0.3.0 <0.4.0
83 verbose addNamed ">=0.3.0 <0.4.0" is a valid semver range for shelljs
84 silly addNameRange { name: 'shelljs', range: '>=0.3.0 <0.4.0', hasData: false }
85 silly mapToRegistry name shelljs
86 silly mapToRegistry using default registry
87 silly mapToRegistry registry https://registry.npmjs.org/
88 silly mapToRegistry uri https://registry.npmjs.org/shelljs
89 verbose addNameRange registry:https://registry.npmjs.org/shelljs not in flight; fetching
90 silly cache add args [ 'gulp@^3.5.6', null ]
91 verbose cache add spec gulp@^3.5.6
92 silly cache add parsed spec { raw: 'gulp@^3.5.6',
92 silly cache add   scope: null,
92 silly cache add   name: 'gulp',
92 silly cache add   rawSpec: '^3.5.6',
92 silly cache add   spec: '>=3.5.6 <4.0.0',
92 silly cache add   type: 'range' }
93 silly addNamed gulp@>=3.5.6 <4.0.0
94 verbose addNamed ">=3.5.6 <4.0.0" is a valid semver range for gulp
95 silly addNameRange { name: 'gulp', range: '>=3.5.6 <4.0.0', hasData: false }
96 silly mapToRegistry name gulp
97 silly mapToRegistry using default registry
98 silly mapToRegistry registry https://registry.npmjs.org/
99 silly mapToRegistry uri https://registry.npmjs.org/gulp
100 verbose addNameRange registry:https://registry.npmjs.org/gulp not in flight; fetching
101 verbose request uri https://registry.npmjs.org/gulp-sass
102 verbose request no auth needed
103 info attempt registry request try #1 at 8:36:12 PM
104 verbose request id e158808a0f0324e5
105 http request GET https://registry.npmjs.org/gulp-sass
106 verbose request uri https://registry.npmjs.org/gulp-concat
107 verbose request no auth needed
108 info attempt registry request try #1 at 8:36:12 PM
109 http request GET https://registry.npmjs.org/gulp-concat
110 verbose request uri https://registry.npmjs.org/gulp-minify-css
111 verbose request no auth needed
112 info attempt registry request try #1 at 8:36:12 PM
113 http request GET https://registry.npmjs.org/gulp-minify-css
114 verbose request uri https://registry.npmjs.org/gulp-rename
115 verbose request no auth needed
116 info attempt registry request try #1 at 8:36:12 PM
117 http request GET https://registry.npmjs.org/gulp-rename
118 verbose request uri https://registry.npmjs.org/bower
119 verbose request no auth needed
120 info attempt registry request try #1 at 8:36:12 PM
121 http request GET https://registry.npmjs.org/bower
122 verbose request uri https://registry.npmjs.org/gulp-util
123 verbose request no auth needed
124 info attempt registry request try #1 at 8:36:12 PM
125 verbose etag "BVXNWBNNV9ROBJUYBH815TGS5"
126 http request GET https://registry.npmjs.org/gulp-util
127 verbose request uri https://registry.npmjs.org/gulp
128 verbose request no auth needed
129 info attempt registry request try #1 at 8:36:12 PM
130 verbose etag "76KRH9YOTPTE70QCXYFRVQ9MW"
131 http request GET https://registry.npmjs.org/gulp
132 verbose request uri https://registry.npmjs.org/shelljs
133 verbose request no auth needed
134 info attempt registry request try #1 at 8:36:12 PM
135 verbose etag "EWW5DYASK3J70SAJ043LSI802"
136 http request GET https://registry.npmjs.org/shelljs
137 http 200 https://registry.npmjs.org/gulp-rename
138 silly get cb [ 200,
138 silly get   { server: 'CouchDB/1.5.0 (Erlang OTP/R16B03)',
138 silly get     etag: '"DBB701MFZMUOLCQ8NFCFCEO8D"',
138 silly get     'content-type': 'application/json',
138 silly get     'cache-control': 'max-age=60',
138 silly get     'content-length': '12694',
138 silly get     'accept-ranges': 'bytes',
138 silly get     date: 'Sat, 29 Aug 2015 03:36:12 GMT',
138 silly get     via: '1.1 varnish',
138 silly get     age: '11',
138 silly get     connection: 'keep-alive',
138 silly get     'x-served-by': 'cache-lax1424-LAX',
138 silly get     'x-cache': 'HIT',
138 silly get     'x-cache-hits': '1',
138 silly get     'x-timer': 'S1440819372.104727,VS0,VE2',
138 silly get     vary: 'Accept' } ]
139 verbose get saving gulp-rename to /Users/donteburney/.npm/registry.npmjs.org/gulp-rename/.cache.json
140 http 304 https://registry.npmjs.org/gulp
141 silly get cb [ 304,
141 silly get   { date: 'Sat, 29 Aug 2015 03:36:12 GMT',
141 silly get     via: '1.1 varnish',
141 silly get     'cache-control': 'max-age=60',
141 silly get     etag: '"76KRH9YOTPTE70QCXYFRVQ9MW"',
141 silly get     age: '50',
141 silly get     connection: 'keep-alive',
141 silly get     'x-served-by': 'cache-lax1425-LAX',
141 silly get     'x-cache': 'HIT',
141 silly get     'x-cache-hits': '1',
141 silly get     'x-timer': 'S1440819372.118499,VS0,VE5',
141 silly get     vary: 'Accept' } ]
142 verbose etag https://registry.npmjs.org/gulp from cache
143 verbose get saving gulp to /Users/donteburney/.npm/registry.npmjs.org/gulp/.cache.json
144 http 304 https://registry.npmjs.org/shelljs
145 silly get cb [ 304,
145 silly get   { date: 'Sat, 29 Aug 2015 03:36:12 GMT',
145 silly get     via: '1.1 varnish',
145 silly get     'cache-control': 'max-age=60',
145 silly get     etag: '"EWW5DYASK3J70SAJ043LSI802"',
145 silly get     age: '55',
145 silly get     connection: 'keep-alive',
145 silly get     'x-served-by': 'cache-lax1424-LAX',
145 silly get     'x-cache': 'HIT',
145 silly get     'x-cache-hits': '2',
145 silly get     'x-timer': 'S1440819372.122937,VS0,VE0',
145 silly get     vary: 'Accept' } ]
146 verbose etag https://registry.npmjs.org/shelljs from cache
147 verbose get saving shelljs to /Users/donteburney/.npm/registry.npmjs.org/shelljs/.cache.json
148 http 304 https://registry.npmjs.org/gulp-util
149 silly get cb [ 304,
149 silly get   { date: 'Sat, 29 Aug 2015 03:36:12 GMT',
149 silly get     via: '1.1 varnish',
149 silly get     'cache-control': 'max-age=60',
149 silly get     etag: '"BVXNWBNNV9ROBJUYBH815TGS5"',
149 silly get     age: '11',
149 silly get     connection: 'keep-alive',
149 silly get     'x-served-by': 'cache-lax1435-LAX',
149 silly get     'x-cache': 'HIT',
149 silly get     'x-cache-hits': '1',
149 silly get     'x-timer': 'S1440819372.129667,VS0,VE1',
149 silly get     vary: 'Accept' } ]
150 verbose etag https://registry.npmjs.org/gulp-util from cache
151 verbose get saving gulp-util to /Users/donteburney/.npm/registry.npmjs.org/gulp-util/.cache.json
152 silly addNameRange number 2 { name: 'gulp', range: '>=3.5.6 <4.0.0', hasData: true }
153 silly addNameRange versions [ 'gulp',
153 silly addNameRange   [ '0.0.1',
153 silly addNameRange     '0.0.2',
153 silly addNameRange     '0.0.3',
153 silly addNameRange     '0.0.4',
153 silly addNameRange     '0.0.5',
153 silly addNameRange     '0.0.7',
153 silly addNameRange     '0.0.8',
153 silly addNameRange     '0.0.9',
153 silly addNameRange     '0.1.0',
153 silly addNameRange     '0.2.0',
153 silly addNameRange     '1.0.0',
153 silly addNameRange     '1.1.0',
153 silly addNameRange     '1.2.0',
153 silly addNameRange     '1.2.1',
153 silly addNameRange     '2.0.0',
153 silly addNameRange     '2.0.1',
153 silly addNameRange     '2.1.0',
153 silly addNameRange     '2.2.0',
153 silly addNameRange     '2.3.0',
153 silly addNameRange     '2.4.0',
153 silly addNameRange     '2.4.1',
153 silly addNameRange     '2.6.0',
153 silly addNameRange     '2.6.1',
153 silly addNameRange     '2.7.0',
153 silly addNameRange     '3.0.0',
153 silly addNameRange     '3.1.1',
153 silly addNameRange     '3.1.2',
153 silly addNameRange     '3.1.3',
153 silly addNameRange     '3.1.4',
153 silly addNameRange     '3.2.0',
153 silly addNameRange     '3.2.1',
153 silly addNameRange     '3.2.2',
153 silly addNameRange     '3.2.3',
153 silly addNameRange     '3.2.4',
153 silly addNameRange     '3.2.5',
153 silly addNameRange     '3.3.0',
153 silly addNameRange     '3.3.1',
153 silly addNameRange     '3.3.2',
153 silly addNameRange     '3.3.4',
153 silly addNameRange     '3.4.0',
153 silly addNameRange     '3.5.0',
153 silly addNameRange     '3.5.1',
153 silly addNameRange     '3.5.2',
153 silly addNameRange     '3.5.5',
153 silly addNameRange     '3.5.6',
153 silly addNameRange     '3.6.0',
153 silly addNameRange     '3.6.1',
153 silly addNameRange     '3.6.2',
153 silly addNameRange     '3.7.0',
153 silly addNameRange     '3.8.0',
153 silly addNameRange     '3.8.1',
153 silly addNameRange     '3.8.2',
153 silly addNameRange     '3.8.3',
153 silly addNameRange     '3.8.4',
153 silly addNameRange     '3.8.5',
153 silly addNameRange     '3.8.6',
153 silly addNameRange     '3.8.7',
153 silly addNameRange     '3.8.8',
153 silly addNameRange     '3.8.9',
153 silly addNameRange     '3.8.10',
153 silly addNameRange     '3.8.11',
153 silly addNameRange     '3.9.0' ] ]
154 silly addNamed gulp@3.9.0
155 verbose addNamed "3.9.0" is a plain semver version for gulp
156 silly addNameRange number 2 { name: 'gulp-util', range: '>=2.2.14 <3.0.0', hasData: true }
157 silly addNameRange versions [ 'gulp-util',
157 silly addNameRange   [ '0.0.1',
157 silly addNameRange     '1.0.0',
157 silly addNameRange     '1.1.0',
157 silly addNameRange     '1.1.1',
157 silly addNameRange     '1.2.0',
157 silly addNameRange     '1.3.0',
157 silly addNameRange     '2.0.0',
157 silly addNameRange     '2.1.1',
157 silly addNameRange     '2.1.2',
157 silly addNameRange     '2.1.3',
157 silly addNameRange     '2.1.4',
157 silly addNameRange     '2.2.0',
157 silly addNameRange     '2.2.1',
157 silly addNameRange     '2.2.2',
157 silly addNameRange     '2.2.3',
157 silly addNameRange     '2.2.5',
157 silly addNameRange     '2.2.6',
157 silly addNameRange     '2.2.7',
157 silly addNameRange     '2.2.8',
157 silly addNameRange     '2.2.9',
157 silly addNameRange     '2.2.10',
157 silly addNameRange     '2.2.11',
157 silly addNameRange     '2.2.12',
157 silly addNameRange     '2.2.13',
157 silly addNameRange     '2.2.14',
157 silly addNameRange     '2.2.15',
157 silly addNameRange     '2.2.16',
157 silly addNameRange     '2.2.17',
157 silly addNameRange     '2.2.18',
157 silly addNameRange     '2.2.19',
157 silly addNameRange     '2.2.20',
157 silly addNameRange     '3.0.0',
157 silly addNameRange     '3.0.1',
157 silly addNameRange     '3.0.2',
157 silly addNameRange     '3.0.3',
157 silly addNameRange     '3.0.4',
157 silly addNameRange     '3.0.5',
157 silly addNameRange     '3.0.6' ] ]
158 silly addNamed gulp-util@2.2.20
159 verbose addNamed "2.2.20" is a plain semver version for gulp-util
160 silly addNameRange number 2 { name: 'shelljs', range: '>=0.3.0 <0.4.0', hasData: true }
161 silly addNameRange versions [ 'shelljs',
161 silly addNameRange   [ '0.0.1',
161 silly addNameRange     '0.0.2',
161 silly addNameRange     '0.0.3',
161 silly addNameRange     '0.0.4',
161 silly addNameRange     '0.0.5',
161 silly addNameRange     '0.0.6',
161 silly addNameRange     '0.0.7',
161 silly addNameRange     '0.0.8',
161 silly addNameRange     '0.0.9',
161 silly addNameRange     '0.1.0',
161 silly addNameRange     '0.1.1',
161 silly addNameRange     '0.1.2',
161 silly addNameRange     '0.1.3',
161 silly addNameRange     '0.1.4',
161 silly addNameRange     '0.2.0',
161 silly addNameRange     '0.2.1',
161 silly addNameRange     '0.2.2',
161 silly addNameRange     '0.2.3',
161 silly addNameRange     '0.2.4',
161 silly addNameRange     '0.2.5',
161 silly addNameRange     '0.2.6',
161 silly addNameRange     '0.3.0',
161 silly addNameRange     '0.4.0',
161 silly addNameRange     '0.5.0',
161 silly addNameRange     '0.5.1',
161 silly addNameRange     '0.5.2',
161 silly addNameRange     '0.5.3',
161 silly addNameRange     '0.0.1-alpha1',
161 silly addNameRange     '0.0.2-pre1',
161 silly addNameRange     '0.0.4-pre1',
161 silly addNameRange     '0.0.5-pre1',
161 silly addNameRange     '0.0.5-pre2',
161 silly addNameRange     '0.0.5-pre3',
161 silly addNameRange     '0.0.5-pre4',
161 silly addNameRange     '0.0.6-pre1',
161 silly addNameRange     '0.0.6-pre2' ] ]
162 silly addNamed shelljs@0.3.0
163 verbose addNamed "0.3.0" is a plain semver version for shelljs
164 silly mapToRegistry name gulp-util
165 silly mapToRegistry using default registry
166 silly mapToRegistry registry https://registry.npmjs.org/
167 silly mapToRegistry uri https://registry.npmjs.org/gulp-util
168 verbose addRemoteTarball https://registry.npmjs.org/gulp-util/-/gulp-util-2.2.20.tgz not in flight; adding
169 verbose addRemoteTarball [ 'https://registry.npmjs.org/gulp-util/-/gulp-util-2.2.20.tgz',
169 verbose addRemoteTarball   'd7146e5728910bd8f047a6b0b1e549bc22dbd64c' ]
170 silly addNameRange number 2 { name: 'gulp-rename', range: '>=1.2.0 <2.0.0', hasData: true }
171 silly addNameRange versions [ 'gulp-rename',
171 silly addNameRange   [ '0.1.0', '0.2.1', '0.2.2', '1.0.0', '1.1.0', '1.2.0', '1.2.2' ] ]
172 silly addNamed gulp-rename@1.2.2
173 verbose addNamed "1.2.2" is a plain semver version for gulp-rename
174 silly mapToRegistry name gulp-rename
175 silly mapToRegistry using default registry
176 silly mapToRegistry registry https://registry.npmjs.org/
177 silly mapToRegistry uri https://registry.npmjs.org/gulp-rename
178 verbose addRemoteTarball https://registry.npmjs.org/gulp-rename/-/gulp-rename-1.2.2.tgz not in flight; adding
179 verbose addRemoteTarball [ 'https://registry.npmjs.org/gulp-rename/-/gulp-rename-1.2.2.tgz',
179 verbose addRemoteTarball   '3ad4428763f05e2764dec1c67d868db275687817' ]
180 silly cache afterAdd gulp@3.9.0
181 verbose afterAdd /Users/donteburney/.npm/gulp/3.9.0/package/package.json not in flight; writing
182 http 200 https://registry.npmjs.org/gulp-minify-css
183 silly get cb [ 200,
183 silly get   { server: 'CouchDB/1.5.0 (Erlang OTP/R16B03)',
183 silly get     etag: '"CI7AFI7BMP82IG66LWQV9SUUG"',
183 silly get     'content-type': 'application/json',
183 silly get     'cache-control': 'max-age=60',
183 silly get     'content-length': '60995',
183 silly get     'accept-ranges': 'bytes',
183 silly get     date: 'Sat, 29 Aug 2015 03:36:12 GMT',
183 silly get     via: '1.1 varnish',
183 silly get     age: '50',
183 silly get     connection: 'keep-alive',
183 silly get     'x-served-by': 'cache-lax1427-LAX',
183 silly get     'x-cache': 'HIT',
183 silly get     'x-cache-hits': '2',
183 silly get     'x-timer': 'S1440819372.108397,VS0,VE0',
183 silly get     vary: 'Accept' } ]
184 verbose get saving gulp-minify-css to /Users/donteburney/.npm/registry.npmjs.org/gulp-minify-css/.cache.json
185 silly cache afterAdd shelljs@0.3.0
186 verbose afterAdd /Users/donteburney/.npm/shelljs/0.3.0/package/package.json not in flight; writing
187 info retry fetch attempt 1 at 8:36:12 PM
188 info attempt registry request try #1 at 8:36:12 PM
189 http fetch GET https://registry.npmjs.org/gulp-util/-/gulp-util-2.2.20.tgz
190 info retry fetch attempt 1 at 8:36:12 PM
191 info attempt registry request try #1 at 8:36:12 PM
192 http fetch GET https://registry.npmjs.org/gulp-rename/-/gulp-rename-1.2.2.tgz
193 verbose afterAdd /Users/donteburney/.npm/gulp/3.9.0/package/package.json written
194 verbose afterAdd /Users/donteburney/.npm/shelljs/0.3.0/package/package.json written
195 silly addNameRange number 2 { name: 'gulp-minify-css',
195 silly addNameRange   range: '>=0.3.0 <0.4.0',
195 silly addNameRange   hasData: true }
196 silly addNameRange versions [ 'gulp-minify-css',
196 silly addNameRange   [ '0.0.1',
196 silly addNameRange     '0.1.0',
196 silly addNameRange     '0.2.0',
196 silly addNameRange     '0.3.0',
196 silly addNameRange     '0.3.1',
196 silly addNameRange     '0.3.2',
196 silly addNameRange     '0.3.3',
196 silly addNameRange     '0.3.4',
196 silly addNameRange     '0.3.5',
196 silly addNameRange     '0.3.6',
196 silly addNameRange     '0.3.7',
196 silly addNameRange     '0.3.8',
196 silly addNameRange     '0.3.9',
196 silly addNameRange     '0.3.10',
196 silly addNameRange     '0.3.11',
196 silly addNameRange     '0.3.12',
196 silly addNameRange     '0.3.13',
196 silly addNameRange     '0.4.0',
196 silly addNameRange     '0.4.1',
196 silly addNameRange     '0.4.2',
196 silly addNameRange     '0.4.3',
196 silly addNameRange     '0.4.4',
196 silly addNameRange     '0.4.5',
196 silly addNameRange     '0.4.6',
196 silly addNameRange     '0.5.0',
196 silly addNameRange     '0.5.1',
196 silly addNameRange     '1.0.0',
196 silly addNameRange     '1.1.0',
196 silly addNameRange     '1.1.1',
196 silly addNameRange     '1.1.2',
196 silly addNameRange     '1.1.2-1',
196 silly addNameRange     '1.1.3',
196 silly addNameRange     '1.1.4',
196 silly addNameRange     '1.1.5',
196 silly addNameRange     '1.1.6',
196 silly addNameRange     '1.2.0',
196 silly addNameRange     '1.2.1' ] ]
197 silly addNamed gulp-minify-css@0.3.13
198 verbose addNamed "0.3.13" is a plain semver version for gulp-minify-css
199 silly mapToRegistry name gulp-minify-css
200 silly mapToRegistry using default registry
201 silly mapToRegistry registry https://registry.npmjs.org/
202 silly mapToRegistry uri https://registry.npmjs.org/gulp-minify-css
203 verbose addRemoteTarball https://registry.npmjs.org/gulp-minify-css/-/gulp-minify-css-0.3.13.tgz not in flight; adding
204 verbose addRemoteTarball [ 'https://registry.npmjs.org/gulp-minify-css/-/gulp-minify-css-0.3.13.tgz',
204 verbose addRemoteTarball   'ba813c665422868305383ccd185f239c1e35209b' ]
205 info retry fetch attempt 1 at 8:36:12 PM
206 info attempt registry request try #1 at 8:36:12 PM
207 http fetch GET https://registry.npmjs.org/gulp-minify-css/-/gulp-minify-css-0.3.13.tgz
208 http 200 https://registry.npmjs.org/gulp-concat
209 silly get cb [ 200,
209 silly get   { server: 'CouchDB/1.5.0 (Erlang OTP/R16B03)',
209 silly get     etag: '"41KHZDKL41IM9P51DH77HME8M"',
209 silly get     'content-type': 'application/json',
209 silly get     'cache-control': 'max-age=60',
209 silly get     'content-length': '37244',
209 silly get     'accept-ranges': 'bytes',
209 silly get     date: 'Sat, 29 Aug 2015 03:36:12 GMT',
209 silly get     via: '1.1 varnish',
209 silly get     age: '50',
209 silly get     connection: 'keep-alive',
209 silly get     'x-served-by': 'cache-lax1422-LAX',
209 silly get     'x-cache': 'HIT',
209 silly get     'x-cache-hits': '1',
209 silly get     'x-timer': 'S1440819372.133133,VS0,VE1',
209 silly get     vary: 'Accept' } ]
210 verbose get saving gulp-concat to /Users/donteburney/.npm/registry.npmjs.org/gulp-concat/.cache.json
211 silly addNameRange number 2 { name: 'gulp-concat', range: '>=2.2.0 <3.0.0', hasData: true }
212 silly addNameRange versions [ 'gulp-concat',
212 silly addNameRange   [ '0.0.1',
212 silly addNameRange     '1.0.0',
212 silly addNameRange     '1.1.0',
212 silly addNameRange     '2.0.0',
212 silly addNameRange     '2.1.0',
212 silly addNameRange     '2.1.1',
212 silly addNameRange     '2.1.2',
212 silly addNameRange     '2.1.3',
212 silly addNameRange     '2.1.4',
212 silly addNameRange     '2.1.5',
212 silly addNameRange     '2.1.6',
212 silly addNameRange     '2.1.7',
212 silly addNameRange     '2.2.0',
212 silly addNameRange     '2.3.0',
212 silly addNameRange     '2.3.3',
212 silly addNameRange     '2.3.4',
212 silly addNameRange     '2.3.5',
212 silly addNameRange     '2.4.0',
212 silly addNameRange     '2.4.1',
212 silly addNameRange     '2.4.2',
212 silly addNameRange     '2.4.3',
212 silly addNameRange     '2.5.0',
212 silly addNameRange     '2.5.1',
212 silly addNameRange     '2.5.2',
212 silly addNameRange     '2.6.0' ] ]
213 silly addNamed gulp-concat@2.6.0
214 verbose addNamed "2.6.0" is a plain semver version for gulp-concat
215 silly mapToRegistry name gulp-concat
216 silly mapToRegistry using default registry
217 silly mapToRegistry registry https://registry.npmjs.org/
218 silly mapToRegistry uri https://registry.npmjs.org/gulp-concat
219 verbose addRemoteTarball https://registry.npmjs.org/gulp-concat/-/gulp-concat-2.6.0.tgz not in flight; adding
220 verbose addRemoteTarball [ 'https://registry.npmjs.org/gulp-concat/-/gulp-concat-2.6.0.tgz',
220 verbose addRemoteTarball   '585cfb115411f348773131140566b6a81c69cb91' ]
221 info retry fetch attempt 1 at 8:36:12 PM
222 info attempt registry request try #1 at 8:36:12 PM
223 http fetch GET https://registry.npmjs.org/gulp-concat/-/gulp-concat-2.6.0.tgz
224 http 200 https://registry.npmjs.org/bower
225 silly get cb [ 200,
225 silly get   { server: 'CouchDB/1.5.0 (Erlang OTP/R16B03)',
225 silly get     etag: '"8NTVBHR47S4OBU5625UO0QESQ"',
225 silly get     'content-type': 'application/json',
225 silly get     'cache-control': 'max-age=60',
225 silly get     'content-length': '120082',
225 silly get     'accept-ranges': 'bytes',
225 silly get     date: 'Sat, 29 Aug 2015 03:36:12 GMT',
225 silly get     via: '1.1 varnish',
225 silly get     age: '50',
225 silly get     connection: 'keep-alive',
225 silly get     'x-served-by': 'cache-lax1432-LAX',
225 silly get     'x-cache': 'HIT',
225 silly get     'x-cache-hits': '1',
225 silly get     'x-timer': 'S1440819372.107529,VS0,VE2',
225 silly get     vary: 'Accept' } ]
226 verbose get saving bower to /Users/donteburney/.npm/registry.npmjs.org/bower/.cache.json
227 http 200 https://registry.npmjs.org/gulp-sass
228 silly get cb [ 200,
228 silly get   { server: 'CouchDB/1.5.0 (Erlang OTP/R16B03)',
228 silly get     etag: '"29DNL1CXPBK39U46WYFORU7QA"',
228 silly get     'content-type': 'application/json',
228 silly get     'cache-control': 'max-age=60',
228 silly get     'content-length': '39361',
228 silly get     'accept-ranges': 'bytes',
228 silly get     date: 'Sat, 29 Aug 2015 03:36:12 GMT',
228 silly get     via: '1.1 varnish',
228 silly get     age: '50',
228 silly get     connection: 'keep-alive',
228 silly get     'x-served-by': 'cache-lax1430-LAX',
228 silly get     'x-cache': 'HIT',
228 silly get     'x-cache-hits': '1',
228 silly get     'x-timer': 'S1440819372.163311,VS0,VE2',
228 silly get     vary: 'Accept' } ]
229 verbose get saving gulp-sass to /Users/donteburney/.npm/registry.npmjs.org/gulp-sass/.cache.json
230 silly addNameRange number 2 { name: 'gulp-sass', range: '>=1.3.3 <2.0.0', hasData: true }
231 silly addNameRange versions [ 'gulp-sass',
231 silly addNameRange   [ '0.1.0',
231 silly addNameRange     '0.2.1',
231 silly addNameRange     '0.2.2',
231 silly addNameRange     '0.2.3',
231 silly addNameRange     '0.3.0',
231 silly addNameRange     '0.4.0',
231 silly addNameRange     '0.4.1',
231 silly addNameRange     '0.5.0',
231 silly addNameRange     '0.5.1',
231 silly addNameRange     '0.5.2',
231 silly addNameRange     '0.6.0',
231 silly addNameRange     '0.7.0',
231 silly addNameRange     '0.7.1',
231 silly addNameRange     '0.7.2',
231 silly addNameRange     '0.7.3',
231 silly addNameRange     '1.0.0',
231 silly addNameRange     '1.1.0',
231 silly addNameRange     '1.2.0',
231 silly addNameRange     '1.2.1',
231 silly addNameRange     '1.2.2',
231 silly addNameRange     '1.2.3',
231 silly addNameRange     '1.2.4',
231 silly addNameRange     '1.3.0',
231 silly addNameRange     '1.3.1',
231 silly addNameRange     '1.3.2',
231 silly addNameRange     '1.3.3',
231 silly addNameRange     '2.0.0-alpha.1',
231 silly addNameRange     '2.0.0',
231 silly addNameRange     '2.0.2',
231 silly addNameRange     '2.0.3',
231 silly addNameRange     '2.0.4' ] ]
232 silly addNamed gulp-sass@1.3.3
233 verbose addNamed "1.3.3" is a plain semver version for gulp-sass
234 silly addNameRange number 2 { name: 'bower', range: '>=1.3.3 <2.0.0', hasData: true }
235 silly addNameRange versions [ 'bower',
235 silly addNameRange   [ '0.1.0',
235 silly addNameRange     '0.1.2',
235 silly addNameRange     '0.1.3',
235 silly addNameRange     '0.2.0',
235 silly addNameRange     '0.3.0',
235 silly addNameRange     '0.3.1',
235 silly addNameRange     '0.3.2',
235 silly addNameRange     '0.4.0',
235 silly addNameRange     '0.5.0',
235 silly addNameRange     '0.5.1',
235 silly addNameRange     '0.6.0',
235 silly addNameRange     '0.6.1',
235 silly addNameRange     '0.6.2',
235 silly addNameRange     '0.6.3',
235 silly addNameRange     '0.6.4',
235 silly addNameRange     '0.6.5',
235 silly addNameRange     '0.6.6',
235 silly addNameRange     '0.6.7',
235 silly addNameRange     '0.6.8',
235 silly addNameRange     '0.7.0',
235 silly addNameRange     '0.7.1',
235 silly addNameRange     '0.8.0',
235 silly addNameRange     '0.8.1',
235 silly addNameRange     '0.8.2',
235 silly addNameRange     '0.8.3',
235 silly addNameRange     '0.8.4',
235 silly addNameRange     '0.8.5',
235 silly addNameRange     '0.8.6',
235 silly addNameRange     '0.9.0',
235 silly addNameRange     '0.9.1',
235 silly addNameRange     '0.9.2',
235 silly addNameRange     '0.10.0',
235 silly addNameRange     '1.0.0',
235 silly addNameRange     '1.0.1',
235 silly addNameRange     '1.0.2',
235 silly addNameRange     '1.0.3',
235 silly addNameRange     '1.1.0',
235 silly addNameRange     '1.1.1',
235 silly addNameRange     '1.1.2',
235 silly addNameRange     '1.2.0',
235 silly addNameRange     '1.2.1',
235 silly addNameRange     '1.2.2',
235 silly addNameRange     '1.2.3',
235 silly addNameRange     '1.2.4',
235 silly addNameRange     '1.2.5',
235 silly addNameRange     '1.2.6',
235 silly addNameRange     '1.2.7',
235 silly addNameRange     '1.2.8',
235 silly addNameRange     '1.3.0',
235 silly addNameRange     '1.3.1',
235 silly addNameRange     '1.3.2',
235 silly addNameRange     '1.3.3',
235 silly addNameRange     '1.3.4',
235 silly addNameRange     '1.3.5',
235 silly addNameRange     '1.3.6',
235 silly addNameRange     '1.3.7',
235 silly addNameRange     '1.3.8',
235 silly addNameRange     '1.3.9',
235 silly addNameRange     '1.3.10',
235 silly addNameRange     '1.3.11',
235 silly addNameRange     '1.3.12',
235 silly addNameRange     '1.4.0',
235 silly addNameRange     '1.4.1',
235 silly addNameRange     '1.5.0',
235 silly addNameRange     '1.5.1',
235 silly addNameRange     '1.5.2' ] ]
236 silly addNamed bower@1.5.2
237 verbose addNamed "1.5.2" is a plain semver version for bower
238 silly mapToRegistry name gulp-sass
239 silly mapToRegistry using default registry
240 silly mapToRegistry registry https://registry.npmjs.org/
241 silly mapToRegistry uri https://registry.npmjs.org/gulp-sass
242 verbose addRemoteTarball https://registry.npmjs.org/gulp-sass/-/gulp-sass-1.3.3.tgz not in flight; adding
243 verbose addRemoteTarball [ 'https://registry.npmjs.org/gulp-sass/-/gulp-sass-1.3.3.tgz',
243 verbose addRemoteTarball   '66da87646bbfd299988c8ebbe94cefaff50e5662' ]
244 silly mapToRegistry name bower
245 silly mapToRegistry using default registry
246 silly mapToRegistry registry https://registry.npmjs.org/
247 silly mapToRegistry uri https://registry.npmjs.org/bower
248 verbose addRemoteTarball https://registry.npmjs.org/bower/-/bower-1.5.2.tgz not in flight; adding
249 verbose addRemoteTarball [ 'https://registry.npmjs.org/bower/-/bower-1.5.2.tgz',
249 verbose addRemoteTarball   'be291d6c36f1740779abff1c61aca5633e265327' ]
250 info retry fetch attempt 1 at 8:36:13 PM
251 info attempt registry request try #1 at 8:36:13 PM
252 http fetch GET https://registry.npmjs.org/gulp-sass/-/gulp-sass-1.3.3.tgz
253 info retry fetch attempt 1 at 8:36:13 PM
254 info attempt registry request try #1 at 8:36:13 PM
255 http fetch GET https://registry.npmjs.org/bower/-/bower-1.5.2.tgz
256 http fetch 200 https://registry.npmjs.org/gulp-minify-css/-/gulp-minify-css-0.3.13.tgz
257 silly fetchAndShaCheck shasum ba813c665422868305383ccd185f239c1e35209b
258 verbose addTmpTarball /var/folders/kx/2dgk7n3s6fq8q17hyylfw9800000gn/T/npm-90753-13ce9665/registry.npmjs.org/gulp-minify-css/-/gulp-minify-css-0.3.13.tgz not in flight; adding
259 verbose addTmpTarball already have metadata; skipping unpack for gulp-minify-css@0.3.13
260 silly cache afterAdd gulp-minify-css@0.3.13
261 verbose afterAdd /Users/donteburney/.npm/gulp-minify-css/0.3.13/package/package.json not in flight; writing
262 verbose afterAdd /Users/donteburney/.npm/gulp-minify-css/0.3.13/package/package.json written
263 http fetch 200 https://registry.npmjs.org/gulp-concat/-/gulp-concat-2.6.0.tgz
264 silly fetchAndShaCheck shasum 585cfb115411f348773131140566b6a81c69cb91
265 verbose addTmpTarball /var/folders/kx/2dgk7n3s6fq8q17hyylfw9800000gn/T/npm-90753-13ce9665/registry.npmjs.org/gulp-concat/-/gulp-concat-2.6.0.tgz not in flight; adding
266 verbose addTmpTarball already have metadata; skipping unpack for gulp-concat@2.6.0
267 silly cache afterAdd gulp-concat@2.6.0
268 verbose afterAdd /Users/donteburney/.npm/gulp-concat/2.6.0/package/package.json not in flight; writing
269 verbose afterAdd /Users/donteburney/.npm/gulp-concat/2.6.0/package/package.json written
270 http fetch 200 https://registry.npmjs.org/gulp-rename/-/gulp-rename-1.2.2.tgz
271 silly fetchAndShaCheck shasum 3ad4428763f05e2764dec1c67d868db275687817
272 verbose addTmpTarball /var/folders/kx/2dgk7n3s6fq8q17hyylfw9800000gn/T/npm-90753-13ce9665/registry.npmjs.org/gulp-rename/-/gulp-rename-1.2.2.tgz not in flight; adding
273 verbose addTmpTarball already have metadata; skipping unpack for gulp-rename@1.2.2
274 silly cache afterAdd gulp-rename@1.2.2
275 verbose afterAdd /Users/donteburney/.npm/gulp-rename/1.2.2/package/package.json not in flight; writing
276 verbose afterAdd /Users/donteburney/.npm/gulp-rename/1.2.2/package/package.json written
277 http fetch 200 https://registry.npmjs.org/gulp-sass/-/gulp-sass-1.3.3.tgz
278 silly fetchAndShaCheck shasum 66da87646bbfd299988c8ebbe94cefaff50e5662
279 verbose addTmpTarball /var/folders/kx/2dgk7n3s6fq8q17hyylfw9800000gn/T/npm-90753-13ce9665/registry.npmjs.org/gulp-sass/-/gulp-sass-1.3.3.tgz not in flight; adding
280 verbose addTmpTarball already have metadata; skipping unpack for gulp-sass@1.3.3
281 silly cache afterAdd gulp-sass@1.3.3
282 verbose afterAdd /Users/donteburney/.npm/gulp-sass/1.3.3/package/package.json not in flight; writing
283 verbose afterAdd /Users/donteburney/.npm/gulp-sass/1.3.3/package/package.json written
284 http fetch 200 https://registry.npmjs.org/gulp-util/-/gulp-util-2.2.20.tgz
285 silly fetchAndShaCheck shasum d7146e5728910bd8f047a6b0b1e549bc22dbd64c
286 verbose addTmpTarball /var/folders/kx/2dgk7n3s6fq8q17hyylfw9800000gn/T/npm-90753-13ce9665/registry.npmjs.org/gulp-util/-/gulp-util-2.2.20.tgz not in flight; adding
287 verbose addTmpTarball already have metadata; skipping unpack for gulp-util@2.2.20
288 silly cache afterAdd gulp-util@2.2.20
289 verbose afterAdd /Users/donteburney/.npm/gulp-util/2.2.20/package/package.json not in flight; writing
290 verbose afterAdd /Users/donteburney/.npm/gulp-util/2.2.20/package/package.json written
291 http fetch 200 https://registry.npmjs.org/bower/-/bower-1.5.2.tgz
292 silly fetchAndShaCheck shasum be291d6c36f1740779abff1c61aca5633e265327
293 verbose addTmpTarball /var/folders/kx/2dgk7n3s6fq8q17hyylfw9800000gn/T/npm-90753-13ce9665/registry.npmjs.org/bower/-/bower-1.5.2.tgz not in flight; adding
294 verbose addTmpTarball already have metadata; skipping unpack for bower@1.5.2
295 silly cache afterAdd bower@1.5.2
296 verbose afterAdd /Users/donteburney/.npm/bower/1.5.2/package/package.json not in flight; writing
297 verbose afterAdd /Users/donteburney/.npm/bower/1.5.2/package/package.json written
298 silly install resolved [ { name: 'gulp',
298 silly install resolved     description: 'The streaming build system',
298 silly install resolved     version: '3.9.0',
298 silly install resolved     homepage: 'http://gulpjs.com',
298 silly install resolved     repository: { type: 'git', url: 'git+https://github.com/gulpjs/gulp.git' },
298 silly install resolved     author:
298 silly install resolved      { name: 'Fractal',
298 silly install resolved        email: 'contact@wearefractal.com',
298 silly install resolved        url: 'http://wearefractal.com/' },
298 silly install resolved     tags: [ 'build', 'stream', 'system', 'make', 'tool', 'asset', 'pipeline' ],
298 silly install resolved     files: [ 'index.js', 'lib', 'bin', 'completion' ],
298 silly install resolved     bin: { gulp: './bin/gulp.js' },
298 silly install resolved     man: [ 'gulp.1' ],
298 silly install resolved     dependencies:
298 silly install resolved      { archy: '^1.0.0',
298 silly install resolved        chalk: '^1.0.0',
298 silly install resolved        deprecated: '^0.0.1',
298 silly install resolved        'gulp-util': '^3.0.0',
298 silly install resolved        interpret: '^0.6.2',
298 silly install resolved        liftoff: '^2.1.0',
298 silly install resolved        minimist: '^1.1.0',
298 silly install resolved        orchestrator: '^0.3.0',
298 silly install resolved        'pretty-hrtime': '^1.0.0',
298 silly install resolved        semver: '^4.1.0',
298 silly install resolved        tildify: '^1.0.0',
298 silly install resolved        v8flags: '^2.0.2',
298 silly install resolved        'vinyl-fs': '^0.3.0' },
298 silly install resolved     devDependencies:
298 silly install resolved      { coveralls: '^2.7.0',
298 silly install resolved        'graceful-fs': '^3.0.0',
298 silly install resolved        istanbul: '^0.3.0',
298 silly install resolved        jscs: '~1.12.0',
298 silly install resolved        jshint: '^2.5.0',
298 silly install resolved        'jshint-stylish': '^1.0.0',
298 silly install resolved        'marked-man': '^0.1.3',
298 silly install resolved        mkdirp: '^0.5.0',
298 silly install resolved        mocha: '^2.0.1',
298 silly install resolved        'mocha-lcov-reporter': '^0.0.1',
298 silly install resolved        q: '^1.0.0',
298 silly install resolved        rimraf: '^2.2.5',
298 silly install resolved        should: '^5.0.1' },
298 silly install resolved     scripts:
298 silly install resolved      { prepublish: 'marked-man --name gulp docs/CLI.md > gulp.1',
298 silly install resolved        lint: 'jshint lib bin test index.js --reporter node_modules/jshint-stylish/stylish.js --exclude node_modules && jscs lib bin test index.js',
298 silly install resolved        test: 'npm run-script lint && mocha --reporter spec',
298 silly install resolved        coveralls: 'istanbul cover _mocha --report lcovonly -- -R spec && cat ./coverage/lcov.info | coveralls && rm -rf ./coverage' },
298 silly install resolved     engines: { node: '>= 0.9' },
298 silly install resolved     license: 'MIT',
298 silly install resolved     gitHead: '657213a52d5e9c19b85df6a42f76341a98c08ae8',
298 silly install resolved     bugs: { url: 'https://github.com/gulpjs/gulp/issues' },
298 silly install resolved     _id: 'gulp@3.9.0',
298 silly install resolved     _shasum: 'cf1fba4cb558bb8c6ae6c9613f583ae2620d214a',
298 silly install resolved     _from: 'gulp@>=3.5.6 <4.0.0',
298 silly install resolved     _npmVersion: '2.8.3',
298 silly install resolved     _nodeVersion: '0.10.36',
298 silly install resolved     _npmUser: { name: 'phated', email: 'blaine@iceddev.com' },
298 silly install resolved     maintainers: [ [Object], [Object] ],
298 silly install resolved     dist:
298 silly install resolved      { shasum: 'cf1fba4cb558bb8c6ae6c9613f583ae2620d214a',
298 silly install resolved        tarball: 'http://registry.npmjs.org/gulp/-/gulp-3.9.0.tgz' },
298 silly install resolved     directories: {},
298 silly install resolved     _resolved: 'https://registry.npmjs.org/gulp/-/gulp-3.9.0.tgz',
298 silly install resolved     readme: 'ERROR: No README data found!' },
298 silly install resolved   { name: 'shelljs',
298 silly install resolved     version: '0.3.0',
298 silly install resolved     author: { name: 'Artur Adib', email: 'aadib@mozilla.com' },
298 silly install resolved     description: 'Portable Unix shell commands for Node.js',
298 silly install resolved     keywords: [ 'unix', 'shell', 'makefile', 'make', 'jake', 'synchronous' ],
298 silly install resolved     repository: { type: 'git', url: 'git://github.com/arturadib/shelljs.git' },
298 silly install resolved     license: 'BSD*',
298 silly install resolved     homepage: 'http://github.com/arturadib/shelljs',
298 silly install resolved     main: './shell.js',
298 silly install resolved     scripts: { test: 'node scripts/run-tests' },
298 silly install resolved     bin: { shjs: './bin/shjs' },
298 silly install resolved     dependencies: {},
298 silly install resolved     devDependencies: { jshint: '~2.1.11' },
298 silly install resolved     optionalDependencies: {},
298 silly install resolved     engines: { node: '>=0.8.0' },
298 silly install resolved     readme: '# ShellJS - Unix shell commands for Node.js [![Build Status](https://secure.travis-ci.org/arturadib/shelljs.png)](http://travis-ci.org/arturadib/shelljs)\n\nShellJS is a portable **(Windows/Linux/OS X)** implementation of Unix shell commands on top of the Node.js API. You can use it to eliminate your shell script\'s dependency on Unix while still keeping its familiar and powerful commands. You can also install it globally so you can run it from outside Node projects - say goodbye to those gnarly Bash scripts!\n\nThe project is [unit-tested](http://travis-ci.org/arturadib/shelljs) and battled-tested in projects like:\n\n+ [PDF.js](http://github.com/mozilla/pdf.js) - Firefox\'s next-gen PDF reader\n+ [Firebug](http://getfirebug.com/) - Firefox\'s infamous debugger\n+ [JSHint](http://jshint.com) - Most popular JavaScript linter\n+ [Zepto](http://zeptojs.com) - jQuery-compatible JavaScript library for modern browsers\n+ [Yeoman](http://yeoman.io/) - Web application stack and development tool\n+ [Deployd.com](http://deployd.com) - Open source PaaS for quick API backend generation\n\nand [many more](https://npmjs.org/browse/depended/shelljs).\n\n## Installing\n\nVia npm:\n\n```bash\n$ npm install [-g] shelljs\n```\n\nIf the global option `-g` is specified, the binary `shjs` will be installed. This makes it possible to\nrun ShellJS scripts much like any shell script from the command line, i.e. without requiring a `node_modules` folder:\n\n```bash\n$ shjs my_script\n```\n\nYou can also just copy `shell.js` into your project\'s directory, and `require()` accordingly.\n\n\n## Examples\n\n### JavaScript\n\n```javascript\nrequire(\'shelljs/global\');\n\nif (!which(\'git\')) {\n  echo(\'Sorry, this script requires git\');\n  exit(1);\n}\n\n// Copy files to release dir\nmkdir(\'-p\', \'out/Release\');\ncp(\'-R\', \'stuff/*\', \'out/Release\');\n\n// Replace macros in each .js file\ncd(\'lib\');\nls(\'*.js\').forEach(function(file) {\n  sed(\'-i\', \'BUILD_VERSION\', \'v0.1.2\', file);\n  sed(\'-i\', /.*REMOVE_THIS_LINE.*\\n/, \'\', file);\n  sed(\'-i\', /.*REPLACE_LINE_WITH_MACRO.*\\n/, cat(\'macro.js\'), file);\n});\ncd(\'..\');\n\n// Run external tool synchronously\nif (exec(\'git commit -am "Auto-commit"\').code !== 0) {\n  echo(\'Error: Git commit failed\');\n  exit(1);\n}\n```\n\n### CoffeeScript\n\n```coffeescript\nrequire \'shelljs/global\'\n\nif not which \'git\'\n  echo \'Sorry, this script requires git\'\n  exit 1\n\n# Copy files to release dir\nmkdir \'-p\', \'out/Release\'\ncp \'-R\', \'stuff/*\', \'out/Release\'\n\n# Replace macros in each .js file\ncd \'lib\'\nfor file in ls \'*.js\'\n  sed \'-i\', \'BUILD_VERSION\', \'v0.1.2\', file\n  sed \'-i\', /.*REMOVE_THIS_LINE.*\\n/, \'\', file\n  sed \'-i\', /.*REPLACE_LINE_WITH_MACRO.*\\n/, cat \'macro.js\', file\ncd \'..\'\n\n# Run external tool synchronously\nif (exec \'git commit -am "Auto-commit"\').code != 0\n  echo \'Error: Git commit failed\'\n  exit 1\n```\n\n## Global vs. Local\n\nThe example above uses the convenience script `shelljs/global` to reduce verbosity. If polluting your global namespace is not desirable, simply require `shelljs`.\n\nExample:\n\n```javascript\nvar shell = require(\'shelljs\');\nshell.echo(\'hello world\');\n```\n\n## Make tool\n\nA convenience script `shelljs/make` is also provided to mimic the behavior of a Unix Makefile. In this case all shell objects are global, and command line arguments will cause the script to execute only the corresponding function in the global `target` object. To avoid redundant calls, target functions are executed only once per script.\n\nExample (CoffeeScript):\n\n```coffeescript\nrequire \'shelljs/make\'\n\ntarget.all = ->\n  target.bundle()\n  target.docs()\n\ntarget.bundle = ->\n  cd __dirname\n  mkdir \'build\'\n  cd \'lib\'\n  (cat \'*.js\').to \'../build/output.js\'\n\ntarget.docs = ->\n  cd __dirname\n  mkdir \'docs\'\n  cd \'lib\'\n  for file in ls \'*.js\'\n    text = grep \'//@\', file     # extract special comments\n    text.replace \'//@\', \'\'      # remove comment tags\n    text.to \'docs/my_docs.md\'\n```\n\nTo run the target `all`, call the above script without arguments: `$ node make`. To run the target `docs`: `$ node make docs`, and so on.\n\n\n\n<!-- \n\n  DO NOT MODIFY BEYOND THIS POINT - IT\'S AUTOMATICALLY GENERATED\n\n-->\n\n\n## Command reference\n\n\nAll commands run synchronously, unless otherwise stated.\n\n\n### cd(\'dir\')\nChanges to directory `dir` for the duration of the script\n\n\n### pwd()\nReturns the current directory.\n\n\n### ls([options ,] path [,path ...])\n### ls([options ,] path_array)\nAvailable options:\n\n+ `-R`: recursive\n+ `-A`: all files (include files beginning with `.`, except for `.` and `..`)\n\nExamples:\n\n```javascript\nls(\'projs/*.js\');\nls(\'-R\', \'/users/me\', \'/tmp\');\nls(\'-R\', [\'/users/me\', \'/tmp\']); // same as above\n```\n\nReturns array of files in the given path, or in current directory if no path provided.\n\n\n### find(path [,path ...])\n### find(path_array)\nExamples:\n\n```javascript\nfind(\'src\', \'lib\');\nfind([\'src\', \'lib\']); // same as above\nfind(\'.\').filter(function(file) { return file.match(/\\.js$/); });\n```\n\nReturns array of all files (however deep) in the given paths.\n\nThe main difference from `ls(\'-R\', path)` is that the resulting file names\ninclude the base directories, e.g. `lib/resources/file1` instead of just `file1`.\n\n\n### cp([options ,] source [,source ...], dest)\n### cp([options ,] source_array, dest)\nAvailable options:\n\n+ `-f`: force\n+ `-r, -R`: recursive\n\nExamples:\n\n```javascript\ncp(\'file1\', \'dir1\');\ncp(\'-Rf\', \'/tmp/*\', \'/usr/local/*\', \'/home/tmp\');\ncp(\'-Rf\', [\'/tmp/*\', \'/usr/local/*\'], \'/home/tmp\'); // same as above\n```\n\nCopies files. The wildcard `*` is accepted.\n\n\n### rm([options ,] file [, file ...])\n### rm([options ,] file_array)\nAvailable options:\n\n+ `-f`: force\n+ `-r, -R`: recursive\n\nExamples:\n\n```javascript\nrm(\'-rf\', \'/tmp/*\');\nrm(\'some_file.txt\', \'another_file.txt\');\nrm([\'some_file.txt\', \'another_file.txt\']); // same as above\n```\n\nRemoves files. The wildcard `*` is accepted.\n\n\n### mv(source [, source ...], dest\')\n### mv(source_array, dest\')\nAvailable options:\n\n+ `f`: force\n\nExamples:\n\n```javascript\nmv(\'-f\', \'file\', \'dir/\');\nmv(\'file1\', \'file2\', \'dir/\');\nmv([\'file1\', \'file2\'], \'dir/\'); // same as above\n```\n\nMoves files. The wildcard `*` is accepted.\n\n\n### mkdir([options ,] dir [, dir ...])\n### mkdir([options ,] dir_array)\nAvailable options:\n\n+ `p`: full path (will create intermediate dirs if necessary)\n\nExamples:\n\n```javascript\nmkdir(\'-p\', \'/tmp/a/b/c/d\', \'/tmp/e/f/g\');\nmkdir(\'-p\', [\'/tmp/a/b/c/d\', \'/tmp/e/f/g\']); // same as above\n```\n\nCreates directories.\n\n\n### test(expression)\nAvailable expression primaries:\n\n+ `\'-b\', \'path\'`: true if path is a block device\n+ `\'-c\', \'path\'`: true if path is a character device\n+ `\'-d\', \'path\'`: true if path is a directory\n+ `\'-e\', \'path\'`: true if path exists\n+ `\'-f\', \'path\'`: true if path is a regular file\n+ `\'-L\', \'path\'`: true if path is a symboilc link\n+ `\'-p\', \'path\'`: true if path is a pipe (FIFO)\n+ `\'-S\', \'path\'`: true if path is a socket\n\nExamples:\n\n```javascript\nif (test(\'-d\', path)) { /* do something with dir */ };\nif (!test(\'-f\', path)) continue; // skip if it\'s a regular file\n```\n\nEvaluates expression using the available primaries and returns corresponding value.\n\n\n### cat(file [, file ...])\n### cat(file_array)\n\nExamples:\n\n```javascript\nvar str = cat(\'file*.txt\');\nvar str = cat(\'file1\', \'file2\');\nvar str = cat([\'file1\', \'file2\']); // same as above\n```\n\nReturns a string containing the given file, or a concatenated string\ncontaining the files if more than one file is given (a new line character is\nintroduced between each file). Wildcard `*` accepted.\n\n\n### \'string\'.to(file)\n\nExamples:\n\n```javascript\ncat(\'input.txt\').to(\'output.txt\');\n```\n\nAnalogous to the redirection operator `>` in Unix, but works with JavaScript strings (such as\nthose returned by `cat`, `grep`, etc). _Like Unix redirections, `to()` will overwrite any existing file!_\n\n\n### \'string\'.toEnd(file)\n\nExamples:\n\n```javascript\ncat(\'input.txt\').toEnd(\'output.txt\');\n```\n\nAnalogous to the redirect-and-append operator `>>` in Unix, but works with JavaScript strings (such as\nthose returned by `cat`, `grep`, etc).\n\n\n### sed([options ,] search_regex, replacement, file)\nAvailable options:\n\n+ `-i`: Replace contents of \'file\' in-place. _Note that no backups will be created!_\n\nExamples:\n\n```javascript\nsed(\'-i\', \'PROGRAM_VERSION\', \'v0.1.3\', \'source.js\');\nsed(/.*DELETE_THIS_LINE.*\\n/, \'\', \'source.js\');\n```\n\nReads an input string from `file` and performs a JavaScript `replace()` on the input\nusing the given search regex and replacement string or function. Returns the new string after replacement.\n\n\n### grep([options ,] regex_filter, file [, file ...])\n### grep([options ,] regex_filter, file_array)\nAvailable options:\n\n+ `-v`: Inverse the sense of the regex and print the lines not matching the criteria.\n\nExamples:\n\n```javascript\ngrep(\'-v\', \'GLOBAL_VARIABLE\', \'*.js\');\ngrep(\'GLOBAL_VARIABLE\', \'*.js\');\n```\n\nReads input string from given files and returns a string containing all lines of the\nfile that match the given `regex_filter`. Wildcard `*` accepted.\n\n\n### which(command)\n\nExamples:\n\n```javascript\nvar nodeExec = which(\'node\');\n```\n\nSearches for `command` in the system\'s PATH. On Windows looks for `.exe`, `.cmd`, and `.bat` extensions.\nReturns string containing the absolute path to the command.\n\n\n### echo(string [,string ...])\n\nExamples:\n\n```javascript\necho(\'hello world\');\nvar str = echo(\'hello world\');\n```\n\nPrints string to stdout, and returns string with additional utility methods\nlike `.to()`.\n\n\n### pushd([options,] [dir | \'-N\' | \'+N\'])\n\nAvailable options:\n\n+ `-n`: Suppresses the normal change of directory when adding directories to the stack, so that only the stack is manipulated.\n\nArguments:\n\n+ `dir`: Makes the current working directory be the top of the stack, and then executes the equivalent of `cd dir`.\n+ `+N`: Brings the Nth directory (counting from the left of the list printed by dirs, starting with zero) to the top of the list by rotating the stack.\n+ `-N`: Brings the Nth directory (counting from the right of the list printed by dirs, starting with zero) to the top of the list by rotating the stack.\n\nExamples:\n\n```javascript\n// process.cwd() === \'/usr\'\npushd(\'/etc\'); // Returns /etc /usr\npushd(\'+1\');   // Returns /usr /etc\n```\n\nSave the current directory on the top of the directory stack and then cd to `dir`. With no arguments, pushd exchanges the top two directories. Returns an array of paths in the stack.\n\n### popd([options,] [\'-N\' | \'+N\'])\n\nAvailable options:\n\n+ `-n`: Suppresses the normal change of directory when removing directories from the stack, so that only the stack is manipulated.\n\nArguments:\n\n+ `+N`: Removes the Nth directory (counting from the left of the list printed by dirs), starting with zero.\n+ `-N`: Removes the Nth directory (counting from the right of the list printed by dirs), starting with zero.\n\nExamples:\n\n```javascript\necho(process.cwd()); // \'/usr\'\npushd(\'/etc\');       // \'/etc /usr\'\necho(process.cwd()); // \'/etc\'\npopd();              // \'/usr\'\necho(process.cwd()); // \'/usr\'\n```\n\nWhen no arguments are given, popd removes the top directory from the stack and performs a cd to the new top directory. The elements are numbered from 0 starting at the first directory listed with dirs; i.e., popd is equivalent to popd +0. Returns an array of paths in the stack.\n\n### dirs([options | \'+N\' | \'-N\'])\n\nAvailable options:\n\n+ `-c`: Clears the directory stack by deleting all of the elements.\n\nArguments:\n\n+ `+N`: Displays the Nth directory (counting from the left of the list printed by dirs when invoked without options), starting with zero.\n+ `-N`: Displays the Nth directory (counting from the right of the list printed by dirs when invoked without options), starting with zero.\n\nDisplay the list of currently remembered directories. Returns an array of paths in the stack, or a single path if +N or -N was specified.\n\nSee also: pushd, popd\n\n\n### ln(options, source, dest)\n### ln(source, dest)\nAvailable options:\n\n+ `s`: symlink\n+ `f`: force\n\nExamples:\n\n```javascript\nln(\'file\', \'newlink\');\nln(\'-sf\', \'file\', \'existing\');\n```\n\nLinks source to dest. Use -f to force the link, should dest already exist.\n\n\n### exit(code)\nExits the current process with the given exit code.\n\n### env[\'VAR_NAME\']\nObject containing environment variables (both getter and setter). Shortcut to process.env.\n\n### exec(command [, options] [, callback])\nAvailable options (all `false` by default):\n\n+ `async`: Asynchronous execution. Defaults to true if a callback is provided.\n+ `silent`: Do not echo program output to console.\n\nExamples:\n\n```javascript\nvar version = exec(\'node --version\', {silent:true}).output;\n\nvar child = exec(\'some_long_running_process\', {async:true});\nchild.stdout.on(\'data\', function(data) {\n  /* ... do something with data ... */\n});\n\nexec(\'some_long_running_process\', function(code, output) {\n  console.log(\'Exit code:\', code);\n  console.log(\'Program output:\', output);\n});\n```\n\nExecutes the given `command` _synchronously_, unless otherwise specified.\nWhen in synchronous mode returns the object `{ code:..., output:... }`, containing the program\'s\n`output` (stdout + stderr)  and its exit `code`. Otherwise returns the child process object, and\nthe `callback` gets the arguments `(code, output)`.\n\n**Note:** For long-lived processes, it\'s best to run `exec()` asynchronously as\nthe current synchronous implementation uses a lot of CPU. This should be getting\nfixed soon.\n\n\n### chmod(octal_mode || octal_string, file)\n### chmod(symbolic_mode, file)\n\nAvailable options:\n\n+ `-v`: output a diagnostic for every file processed\n+ `-c`: like verbose but report only when a change is made\n+ `-R`: change files and directories recursively\n\nExamples:\n\n```javascript\nchmod(755, \'/Users/brandon\');\nchmod(\'755\', \'/Users/brandon\'); // same as above\nchmod(\'u+x\', \'/Users/brandon\');\n```\n\nAlters the permissions of a file or directory by either specifying the\nabsolute permissions in octal form or expressing the changes in symbols.\nThis command tries to mimic the POSIX behavior as much as possible.\nNotable exceptions:\n\n+ In symbolic modes, \'a-r\' and \'-r\' are identical.  No consideration is\n  given to the umask.\n+ There is no "quiet" option since default behavior is to run silent.\n\n\n## Non-Unix commands\n\n\n### tempdir()\n\nExamples:\n\n```javascript\nvar tmp = tempdir(); // "/tmp" for most *nix platforms\n```\n\nSearches and returns string containing a writeable, platform-dependent temporary directory.\nFollows Python\'s [tempfile algorithm](http://docs.python.org/library/tempfile.html#tempfile.tempdir).\n\n\n### error()\nTests if error occurred in the last command. Returns `null` if no error occurred,\notherwise returns string explaining the error\n\n\n## Configuration\n\n\n### config.silent\nExample:\n\n```javascript\nvar silentState = config.silent; // save old silent state\nconfig.silent = true;\n/* ... */\nconfig.silent = silentState; // restore old silent state\n```\n\nSuppresses all command output if `true`, except for `echo()` calls.\nDefault is `false`.\n\n### config.fatal\nExample:\n\n```javascript\nconfig.fatal = true;\ncp(\'this_file_does_not_exist\', \'/dev/null\'); // dies here\n/* more commands... */\n```\n\nIf `true` the script will die on errors. Default is `false`.\n',
298 silly install resolved     readmeFilename: 'README.md',
298 silly install resolved     bugs: { url: 'https://github.com/arturadib/shelljs/issues' },
298 silly install resolved     _id: 'shelljs@0.3.0',
298 silly install resolved     _shasum: '3596e6307a781544f591f37da618360f31db57b1',
298 silly install resolved     _resolved: 'https://registry.npmjs.org/shelljs/-/shelljs-0.3.0.tgz',
298 silly install resolved     _from: 'shelljs@>=0.3.0 <0.4.0' },
298 silly install resolved   { name: 'gulp-minify-css',
298 silly install resolved     description: 'Minify css with clean-css.',
298 silly install resolved     version: '0.3.13',
298 silly install resolved     repository:
298 silly install resolved      { type: 'git',
298 silly install resolved        url: 'https://github.com/jonathanepollack/gulp-minify-css.git' },
298 silly install resolved     homepage: 'https://github.com/jonathanepollack/gulp-minify-css',
298 silly install resolved     keywords: [ 'gulpplugin', 'minify', 'css' ],
298 silly install resolved     main: './index.js',
298 silly install resolved     engines: { node: '>= 0.10' },
298 silly install resolved     scripts: { test: 'mocha' },
298 silly install resolved     dependencies:
298 silly install resolved      { 'gulp-util': '~3.0.1',
298 silly install resolved        'clean-css': '~3.0.4',
298 silly install resolved        through2: '^0.6.1',
298 silly install resolved        bufferstreams: '0.0.2',
298 silly install resolved        'memory-cache': '0.0.5',
298 silly install resolved        'vinyl-sourcemaps-apply': '^0.1.4' },
298 silly install resolved     devDependencies:
298 silly install resolved      { mocha: '^1.21.4',
298 silly install resolved        chai: '^1.9.0',
298 silly install resolved        gulp: '^3.8.8',
298 silly install resolved        'gulp-sourcemaps': '^1.3.0',
298 silly install resolved        proxyquire: '^1.0.1',
298 silly install resolved        'event-stream': '^3.1.0' },
298 silly install resolved     licenses: [ [Object] ],
298 silly install resolved     gitHead: 'e8dc2186b632e4696ed5b1dfa50ad597b815a0dd',
298 silly install resolved     bugs: { url: 'https://github.com/jonathanepollack/gulp-minify-css/issues' },
298 silly install resolved     _id: 'gulp-minify-css@0.3.13',
298 silly install resolved     _shasum: 'ba813c665422868305383ccd185f239c1e35209b',
298 silly install resolved     _from: 'gulp-minify-css@>=0.3.0 <0.4.0',
298 silly install resolved     _npmVersion: '2.0.0',
298 silly install resolved     _npmUser:
298 silly install resolved      { name: 'jonathanepollack',
298 silly install resolved        email: 'jonathanepollack@gmail.com' },
298 silly install resolved     maintainers: [ [Object] ],
298 silly install resolved     dist:
298 silly install resolved      { shasum: 'ba813c665422868305383ccd185f239c1e35209b',
298 silly install resolved        tarball: 'http://registry.npmjs.org/gulp-minify-css/-/gulp-minify-css-0.3.13.tgz' },
298 silly install resolved     directories: {},
298 silly install resolved     _resolved: 'https://registry.npmjs.org/gulp-minify-css/-/gulp-minify-css-0.3.13.tgz' },
298 silly install resolved   { name: 'gulp-concat',
298 silly install resolved     description: 'Concatenates files',
298 silly install resolved     version: '2.6.0',
298 silly install resolved     repository:
298 silly install resolved      { type: 'git',
298 silly install resolved        url: 'git+https://github.com/wearefractal/gulp-concat.git' },
298 silly install resolved     author:
298 silly install resolved      { name: 'Fractal',
298 silly install resolved        email: 'contact@wearefractal.com',
298 silly install resolved        url: 'http://wearefractal.com/' },
298 silly install resolved     files: [ 'index.js' ],
298 silly install resolved     keywords: [ 'gulpplugin' ],
298 silly install resolved     dependencies:
298 silly install resolved      { 'concat-with-sourcemaps': '^1.0.0',
298 silly install resolved        'gulp-util': '^3.0.1',
298 silly install resolved        through2: '^0.6.3' },
298 silly install resolved     devDependencies:
298 silly install resolved      { gulp: '^3.8.7',
298 silly install resolved        'gulp-sourcemaps': '^1.1.4',
298 silly install resolved        istanbul: '^0.3.2',
298 silly install resolved        mocha: '^2.0.1',
298 silly install resolved        'mocha-lcov-reporter': '0.0.1',
298 silly install resolved        should: '^5.0.0',
298 silly install resolved        'stream-array': '^1.0.1',
298 silly install resolved        'stream-assert': '^2.0.1' },
298 silly install resolved     scripts: { test: 'mocha', coverage: 'istanbul cover _mocha' },
298 silly install resolved     engines: { node: '>= 0.10' },
298 silly install resolved     license: 'MIT',
298 silly install resolved     gitHead: '48e757a90687a8c5bca9d2945285ac0689aa7023',
298 silly install resolved     bugs: { url: 'https://github.com/wearefractal/gulp-concat/issues' },
298 silly install resolved     homepage: 'https://github.com/wearefractal/gulp-concat#readme',
298 silly install resolved     _id: 'gulp-concat@2.6.0',
298 silly install resolved     _shasum: '585cfb115411f348773131140566b6a81c69cb91',
298 silly install resolved     _from: 'gulp-concat@>=2.2.0 <3.0.0',
298 silly install resolved     _npmVersion: '2.10.0',
298 silly install resolved     _nodeVersion: '2.0.1',
298 silly install resolved     _npmUser: { name: 'fractal', email: 'contact@wearefractal.com' },
298 silly install resolved     maintainers: [ [Object] ],
298 silly install resolved     dist:
298 silly install resolved      { shasum: '585cfb115411f348773131140566b6a81c69cb91',
298 silly install resolved        tarball: 'http://registry.npmjs.org/gulp-concat/-/gulp-concat-2.6.0.tgz' },
298 silly install resolved     directories: {},
298 silly install resolved     _resolved: 'https://registry.npmjs.org/gulp-concat/-/gulp-concat-2.6.0.tgz' },
298 silly install resolved   { name: 'gulp-rename',
298 silly install resolved     version: '1.2.2',
298 silly install resolved     description: 'Rename files',
298 silly install resolved     keywords: [ 'gulpplugin' ],
298 silly install resolved     homepage: 'https://github.com/hparra/gulp-rename',
298 silly install resolved     bugs: { url: 'https://github.com/hparra/gulp-rename/issues' },
298 silly install resolved     author:
298 silly install resolved      { name: 'Hector Guillermo Parra Alvarez',
298 silly install resolved        email: 'hector@hectorparra.com',
298 silly install resolved        url: 'https://github.com/hparra' },
298 silly install resolved     main: './index.js',
298 silly install resolved     files: [ 'index.js' ],
298 silly install resolved     repository: { type: 'git', url: 'git://github.com/hparra/gulp-rename.git' },
298 silly install resolved     scripts: { pretest: 'jshint index.js test/', test: 'mocha' },
298 silly install resolved     devDependencies:
298 silly install resolved      { gulp: '>=3.0.0',
298 silly install resolved        'gulp-sourcemaps': '^1.5.0',
298 silly install resolved        'gulp-util': '^3.0.4',
298 silly install resolved        jshint: '^2.6.3',
298 silly install resolved        'map-stream': '>=0.0.4',
298 silly install resolved        mocha: '>=1.15.0',
298 silly install resolved        should: '>=2.1.0' },
298 silly install resolved     engines: { node: '>=0.10.0', npm: '>=1.2.10' },
298 silly install resolved     licenses: [ [Object] ],
298 silly install resolved     gitHead: 'e1fb4e41dd107b38e96f1156fcbee70ebcf16fb6',
298 silly install resolved     _id: 'gulp-rename@1.2.2',
298 silly install resolved     _shasum: '3ad4428763f05e2764dec1c67d868db275687817',
298 silly install resolved     _from: 'gulp-rename@>=1.2.0 <2.0.0',
298 silly install resolved     _npmVersion: '1.4.28',
298 silly install resolved     _npmUser: { name: 'fractal', email: 'contact@wearefractal.com' },
298 silly install resolved     maintainers: [ [Object], [Object], [Object], [Object] ],
298 silly install resolved     dist:
298 silly install resolved      { shasum: '3ad4428763f05e2764dec1c67d868db275687817',
298 silly install resolved        tarball: 'http://registry.npmjs.org/gulp-rename/-/gulp-rename-1.2.2.tgz' },
298 silly install resolved     directories: {},
298 silly install resolved     _resolved: 'https://registry.npmjs.org/gulp-rename/-/gulp-rename-1.2.2.tgz' },
298 silly install resolved   { name: 'gulp-sass',
298 silly install resolved     version: '1.3.3',
298 silly install resolved     description: 'Gulp plugin for sass',
298 silly install resolved     main: 'index.js',
298 silly install resolved     scripts: { test: 'node test/test.js' },
298 silly install resolved     repository: { type: 'git', url: 'git://github.com/dlmanning/gulp-sass' },
298 silly install resolved     keywords: [ 'gulpplugin', 'sass', 'gulp' ],
298 silly install resolved     author: { name: 'David Manning' },
298 silly install resolved     license: 'MIT',
298 silly install resolved     bugs: { url: 'https://github.com/dlmanning/gulp-sass/issues' },
298 silly install resolved     dependencies:
298 silly install resolved      { clone: '~0.1.18',
298 silly install resolved        'gulp-util': '^3.0',
298 silly install resolved        'map-stream': '~0.1',
298 silly install resolved        'node-sass': '^2.0.1',
298 silly install resolved        'vinyl-sourcemaps-apply': '~0.1.1' },
298 silly install resolved     devDependencies: { tape: '~2.3', 'concat-stream': '~1.4' },
298 silly install resolved     jshintConfig: { laxcomma: true },
298 silly install resolved     gitHead: '314ce5c1594e541a55e5c5009fb0733c45226567',
298 silly install resolved     homepage: 'https://github.com/dlmanning/gulp-sass',
298 silly install resolved     _id: 'gulp-sass@1.3.3',
298 silly install resolved     _shasum: '66da87646bbfd299988c8ebbe94cefaff50e5662',
298 silly install resolved     _from: 'gulp-sass@>=1.3.3 <2.0.0',
298 silly install resolved     _npmVersion: '2.5.1',
298 silly install resolved     _nodeVersion: '1.2.0',
298 silly install resolved     _npmUser: { name: 'dlmanning', email: 'dlmanning@me.com' },
298 silly install resolved     maintainers: [ [Object] ],
298 silly install resolved     dist:
298 silly install resolved      { shasum: '66da87646bbfd299988c8ebbe94cefaff50e5662',
298 silly install resolved        tarball: 'http://registry.npmjs.org/gulp-sass/-/gulp-sass-1.3.3.tgz' },
298 silly install resolved     directories: {},
298 silly install resolved     _resolved: 'https://registry.npmjs.org/gulp-sass/-/gulp-sass-1.3.3.tgz' },
298 silly install resolved   { name: 'gulp-util',
298 silly install resolved     description: 'Utility functions for gulp plugins',
298 silly install resolved     version: '2.2.20',
298 silly install resolved     homepage: 'http://github.com/wearefractal/gulp-util',
298 silly install resolved     repository:
298 silly install resolved      { type: 'git',
298 silly install resolved        url: 'git://github.com/wearefractal/gulp-util.git' },
298 silly install resolved     author:
298 silly install resolved      { name: 'Fractal',
298 silly install resolved        email: 'contact@wearefractal.com',
298 silly install resolved        url: 'http://wearefractal.com/' },
298 silly install resolved     main: './index.js',
298 silly install resolved     dependencies:
298 silly install resolved      { chalk: '^0.5.0',
298 silly install resolved        dateformat: '^1.0.7-1.2.3',
298 silly install resolved        'lodash._reinterpolate': '^2.4.1',
298 silly install resolved        'lodash.template': '^2.4.1',
298 silly install resolved        minimist: '^0.2.0',
298 silly install resolved        multipipe: '^0.1.0',
298 silly install resolved        through2: '^0.5.0',
298 silly install resolved        vinyl: '^0.2.1' },
298 silly install resolved     devDependencies:
298 silly install resolved      { mocha: '^1.17.0',
298 silly install resolved        should: '^4.0.0',
298 silly install resolved        'mocha-lcov-reporter': '^0.0.1',
298 silly install resolved        coveralls: '^2.7.0',
298 silly install resolved        istanbul: '^0.2.3',
298 silly install resolved        rimraf: '^2.2.5',
298 silly install resolved        jshint: '^2.4.1',
298 silly install resolved        'buffer-equal': '~0.0.1',
298 silly install resolved        'lodash.templatesettings': '^2.4.1',
298 silly install resolved        'event-stream': '^3.1.0' },
298 silly install resolved     scripts:
298 silly install resolved      { test: 'mocha --reporter spec && jshint',
298 silly install resolved        coveralls: 'istanbul cover _mocha --report lcovonly -- -R spec && cat ./coverage/lcov.info | coveralls && rm -rf ./coverage' },
298 silly install resolved     engines: { node: '>= 0.9' },
298 silly install resolved     licenses: [ [Object] ],
298 silly install resolved     gitHead: 'a44e450cfbe65fa4902b198bead4c65722cced0a',
298 silly install resolved     bugs: { url: 'https://github.com/wearefractal/gulp-util/issues' },
298 silly install resolved     _id: 'gulp-util@2.2.20',
298 silly install resolved     _shasum: 'd7146e5728910bd8f047a6b0b1e549bc22dbd64c',
298 silly install resolved     _from: 'gulp-util@>=2.2.14 <3.0.0',
298 silly install resolved     _npmVersion: '1.5.0-alpha-1',
298 silly install resolved     _npmUser: { name: 'fractal', email: 'contact@wearefractal.com' },
298 silly install resolved     maintainers: [ [Object] ],
298 silly install resolved     dist:
298 silly install resolved      { shasum: 'd7146e5728910bd8f047a6b0b1e549bc22dbd64c',
298 silly install resolved        tarball: 'http://registry.npmjs.org/gulp-util/-/gulp-util-2.2.20.tgz' },
298 silly install resolved     directories: {},
298 silly install resolved     _resolved: 'https://registry.npmjs.org/gulp-util/-/gulp-util-2.2.20.tgz' },
298 silly install resolved   { name: 'bower',
298 silly install resolved     version: '1.5.2',
298 silly install resolved     description: 'The browser package manager',
298 silly install resolved     author: { name: 'Twitter' },
298 silly install resolved     license: 'MIT',
298 silly install resolved     repository: { type: 'git', url: 'git+https://github.com/bower/bower.git' },
298 silly install resolved     main: 'lib',
298 silly install resolved     homepage: 'http://bower.io',
298 silly install resolved     engines: { node: '>=0.10.0' },
298 silly install resolved     dependencies:
298 silly install resolved      { abbrev: '^1.0.5',
298 silly install resolved        archy: '1.0.0',
298 silly install resolved        'bower-config': '^0.6.1',
298 silly install resolved        'bower-endpoint-parser': '^0.2.2',
298 silly install resolved        'bower-json': '^0.4.0',
298 silly install resolved        'bower-logger': '^0.2.2',
298 silly install resolved        'bower-registry-client': '^0.3.0',
298 silly install resolved        cardinal: '0.4.4',
298 silly install resolved        chalk: '^1.0.0',
298 silly install resolved        chmodr: '0.1.0',
298 silly install resolved        configstore: '^0.3.2',
298 silly install resolved        'decompress-zip': '^0.1.0',
298 silly install resolved        'deep-sort-object': '~0.1.1',
298 silly install resolved        fstream: '^1.0.3',
298 silly install resolved        'fstream-ignore': '^1.0.2',
298 silly install resolved        github: '^0.2.3',
298 silly install resolved        glob: '^4.3.2',
298 silly install resolved        'graceful-fs': '^3.0.5',
298 silly install resolved        handlebars: '^2.0.0',
298 silly install resolved        inquirer: '0.8.0',
298 silly install resolved        insight: '^0.5.0',
298 silly install resolved        'is-root': '^1.0.0',
298 silly install resolved        junk: '^1.0.0',
298 silly install resolved        lockfile: '^1.0.0',
298 silly install resolved        'lru-cache': '^2.5.0',
298 silly install resolved        mkdirp: '0.5.0',
298 silly install resolved        mout: '^0.11.0',
298 silly install resolved        nopt: '^3.0.1',
298 silly install resolved        opn: '^1.0.1',
298 silly install resolved        'p-throttler': '0.1.1',
298 silly install resolved        promptly: '0.2.0',
298 silly install resolved        q: '^1.1.2',
298 silly install resolved        request: '2.53.0',
298 silly install resolved        'request-progress': '0.3.1',
298 silly install resolved        retry: '0.6.1',
298 silly install resolved        rimraf: '^2.2.8',
298 silly install resolved        semver: '^2.3.0',
298 silly install resolved        'shell-quote': '^1.4.2',
298 silly install resolved        'stringify-object': '^1.0.0',
298 silly install resolved        'tar-fs': '^1.4.1',
298 silly install resolved        tmp: '0.0.24',
298 silly install resolved        'update-notifier': '^0.3.0',
298 silly install resolved        'user-home': '^1.1.0',
298 silly install resolved        which: '^1.0.8' },
298 silly install resolved     devDependencies:
298 silly install resolved      { chai: '^1.10.0',
298 silly install resolved        coveralls: '^2.11.2',
298 silly install resolved        'expect.js': '^0.3.1',
298 silly install resolved        grunt: '^0.4.5',
298 silly install resolved        'grunt-cli': '^0.1.13',
298 silly install resolved        'grunt-contrib-jshint': '^0.10.0',
298 silly install resolved        'grunt-contrib-watch': '^0.6.1',
298 silly install resolved        'grunt-exec': '^0.4.6',
298 silly install resolved        'grunt-simple-mocha': '^0.4.0',
298 silly install resolved        istanbul: '^0.3.5',
298 silly install resolved        'load-grunt-tasks': '^2.0.0',
298 silly install resolved        mocha: '^2.1.0',
298 silly install resolved        multiline: '^1.0.2',
298 silly install resolved        nock: '^0.56.0',
298 silly install resolved        'node-uuid': '^1.4.2',
298 silly install resolved        proxyquire: '^1.3.0',
298 silly install resolved        'spawn-sync': '^1.0.5' },
298 silly install resolved     scripts: { test: 'grunt test' },
298 silly install resolved     bin: { bower: 'bin/bower' },
298 silly install resolved     files: [ 'bin', 'lib', 'templates' ],
298 silly install resolved     gitHead: '64d990ba102c8491c474dd99605b9a9725e62cbb',
298 silly install resolved     bugs: { url: 'https://github.com/bower/bower/issues' },
298 silly install resolved     _id: 'bower@1.5.2',
298 silly install resolved     _shasum: 'be291d6c36f1740779abff1c61aca5633e265327',
298 silly install resolved     _from: 'bower@>=1.3.3 <2.0.0',
298 silly install resolved     _npmVersion: '2.11.3',
298 silly install resolved     _nodeVersion: '0.12.7',
298 silly install resolved     _npmUser: { name: 'sheerun', email: 'sheerun@sher.pl' },
298 silly install resolved     dist:
298 silly install resolved      { shasum: 'be291d6c36f1740779abff1c61aca5633e265327',
298 silly install resolved        tarball: 'http://registry.npmjs.org/bower/-/bower-1.5.2.tgz' },
298 silly install resolved     maintainers: [ [Object], [Object], [Object], [Object], [Object], [Object] ],
298 silly install resolved     directories: {},
298 silly install resolved     _resolved: 'https://registry.npmjs.org/bower/-/bower-1.5.2.tgz' } ]
299 info install gulp@3.9.0 into /Users/donteburney/gschool/project1_artcrew
300 info install shelljs@0.3.0 into /Users/donteburney/gschool/project1_artcrew
301 info install gulp-minify-css@0.3.13 into /Users/donteburney/gschool/project1_artcrew
302 info install gulp-concat@2.6.0 into /Users/donteburney/gschool/project1_artcrew
303 info install gulp-rename@1.2.2 into /Users/donteburney/gschool/project1_artcrew
304 info install gulp-sass@1.3.3 into /Users/donteburney/gschool/project1_artcrew
305 info install gulp-util@2.2.20 into /Users/donteburney/gschool/project1_artcrew
306 info install bower@1.5.2 into /Users/donteburney/gschool/project1_artcrew
307 info installOne gulp@3.9.0
308 verbose installOne of gulp to /Users/donteburney/gschool/project1_artcrew not in flight; installing
309 info installOne shelljs@0.3.0
310 verbose installOne of shelljs to /Users/donteburney/gschool/project1_artcrew not in flight; installing
311 info installOne gulp-minify-css@0.3.13
312 verbose installOne of gulp-minify-css to /Users/donteburney/gschool/project1_artcrew not in flight; installing
313 info installOne gulp-concat@2.6.0
314 verbose installOne of gulp-concat to /Users/donteburney/gschool/project1_artcrew not in flight; installing
315 info installOne gulp-rename@1.2.2
316 verbose installOne of gulp-rename to /Users/donteburney/gschool/project1_artcrew not in flight; installing
317 info installOne gulp-sass@1.3.3
318 verbose installOne of gulp-sass to /Users/donteburney/gschool/project1_artcrew not in flight; installing
319 info installOne gulp-util@2.2.20
320 verbose installOne of gulp-util to /Users/donteburney/gschool/project1_artcrew not in flight; installing
321 info installOne bower@1.5.2
322 verbose installOne of bower to /Users/donteburney/gschool/project1_artcrew not in flight; installing
323 warn locking Error: EACCES, open '/Users/donteburney/.npm/_locks/gulp-cbe3ec6e98a82019.lock'
323 warn locking     at Error (native)
323 warn locking  /Users/donteburney/.npm/_locks/gulp-cbe3ec6e98a82019.lock failed { [Error: EACCES, open '/Users/donteburney/.npm/_locks/gulp-cbe3ec6e98a82019.lock']
323 warn locking   errno: -13,
323 warn locking   code: 'EACCES',
323 warn locking   path: '/Users/donteburney/.npm/_locks/gulp-cbe3ec6e98a82019.lock' }
324 verbose stack Error: Attempt to unlock /Users/donteburney/gschool/project1_artcrew/node_modules/gulp, which hasn't been locked
324 verbose stack     at unlock (/usr/local/lib/node_modules/npm/lib/utils/locker.js:66:11)
324 verbose stack     at cb (/usr/local/lib/node_modules/npm/lib/install.js:1017:5)
324 verbose stack     at /usr/local/lib/node_modules/npm/lib/install.js:1021:20
324 verbose stack     at /usr/local/lib/node_modules/npm/lib/utils/locker.js:40:9
324 verbose stack     at cb (/usr/local/lib/node_modules/npm/node_modules/lockfile/lockfile.js:149:38)
324 verbose stack     at /usr/local/lib/node_modules/npm/node_modules/lockfile/lockfile.js:177:38
324 verbose stack     at FSReqWrap.oncomplete (fs.js:95:15)
325 verbose cwd /Users/donteburney/gschool/project1_artcrew
326 error Darwin 14.4.0
327 error argv "node" "/usr/local/bin/npm" "install"
328 error node v0.12.7
329 error npm  v2.11.3
330 error Attempt to unlock /Users/donteburney/gschool/project1_artcrew/node_modules/gulp, which hasn't been locked
331 error If you need help, you may report this error at:
331 error     <https://github.com/npm/npm/issues>
332 verbose exit [ 1, true ]
